<?xml version="1.0" encoding="UTF-8"?>
<!-- Generated by org.testng.reporters.JUnitXMLReporter -->
<testsuite ignored="1" hostname="DESKTOP-EVUVHLP" failures="0" tests="1" name="Default test" time="8.068" errors="0" timestamp="2023-08-13T00:51:07 IST">
  <testcase classname="com.api.automation_scripts.OAuthTestScripts" name="oAuthorization_Code_TestVerification" time="7.928"/>
  <testcase classname="com.api.automation_scripts.OAuthTestScripts" name="oAuth_Client_Credential_TestVerification" time="0.0">
    <ignored/>
  </testcase> <!-- oAuth_Client_Credential_TestVerification -->
</testsuite> <!-- Default test -->
