<?xml version="1.0" encoding="UTF-8"?>
<testng-results ignored="0" total="1" passed="1" failed="0" skipped="0">
  <reporter-output>
  </reporter-output>
  <suite started-at="2023-08-13T00:50:59 IST" name="Default suite" finished-at="2023-08-13T00:51:07 IST" duration-ms="8068">
    <groups>
    </groups>
    <test started-at="2023-08-13T00:50:59 IST" name="Default test" finished-at="2023-08-13T00:51:07 IST" duration-ms="8068">
      <class name="com.api.automation_scripts.OAuthTestScripts">
        <test-method signature="oAuthorization_Code_TestVerification()[pri:0, instance:com.api.automation_scripts.OAuthTestScripts@2794eab6]" started-at="2023-08-13T00:50:59 IST" name="oAuthorization_Code_TestVerification" finished-at="2023-08-13T00:51:07 IST" duration-ms="7928" status="PASS">
          <reporter-output>
          </reporter-output>
        </test-method> <!-- oAuthorization_Code_TestVerification -->
      </class> <!-- com.api.automation_scripts.OAuthTestScripts -->
    </test> <!-- Default test -->
  </suite> <!-- Default suite -->
</testng-results>
