<?xml version="1.0" encoding="UTF-8"?>
<testng-results ignored="0" total="1" passed="1" failed="0" skipped="0">
  <reporter-output>
  </reporter-output>
  <suite started-at="2023-08-09T01:31:06 IST" name="Default suite" finished-at="2023-08-09T01:31:14 IST" duration-ms="7664">
    <groups>
    </groups>
    <test started-at="2023-08-09T01:31:06 IST" name="Default test" finished-at="2023-08-09T01:31:14 IST" duration-ms="7664">
      <class name="com.api.automation_scripts.JiraTestScripts">
        <test-method signature="createSessionAddComment()[pri:0, instance:com.api.automation_scripts.JiraTestScripts@2794eab6]" started-at="2023-08-09T01:31:06 IST" name="createSessionAddComment" finished-at="2023-08-09T01:31:14 IST" duration-ms="7510" status="PASS">
          <reporter-output>
          </reporter-output>
        </test-method> <!-- createSessionAddComment -->
      </class> <!-- com.api.automation_scripts.JiraTestScripts -->
    </test> <!-- Default test -->
  </suite> <!-- Default suite -->
</testng-results>
